[2022-09-14 14:13:22] local.ERROR: The /var/www/devopsweb.infodevbox.com/public_html/bootstrap/cache directory must be present and writable. {"exception":"[object] (Exception(code: 0): The /var/www/devopsweb.infodevbox.com/public_html/bootstrap/cache directory must be present and writable. at /var/www/devopsweb.infodevbox.com/public_html/vendor/laravel/framework/src/Illuminate/Foundation/PackageManifest.php:177)
[stacktrace]
#0 /var/www/devopsweb.infodevbox.com/public_html/vendor/laravel/framework/src/Illuminate/Foundation/PackageManifest.php(136): Illuminate\\Foundation\\PackageManifest->write()
#1 /var/www/devopsweb.infodevbox.com/public_html/vendor/laravel/framework/src/Illuminate/Foundation/PackageManifest.php(106): Illuminate\\Foundation\\PackageManifest->build()
#2 /var/www/devopsweb.infodevbox.com/public_html/vendor/laravel/framework/src/Illuminate/Foundation/PackageManifest.php(89): Illuminate\\Foundation\\PackageManifest->getManifest()
#3 /var/www/devopsweb.infodevbox.com/public_html/vendor/laravel/framework/src/Illuminate/Foundation/PackageManifest.php(78): Illuminate\\Foundation\\PackageManifest->config()
#4 /var/www/devopsweb.infodevbox.com/public_html/vendor/laravel/framework/src/Illuminate/Foundation/Bootstrap/RegisterFacades.php(26): Illuminate\\Foundation\\PackageManifest->aliases()
#5 /var/www/devopsweb.infodevbox.com/public_html/vendor/laravel/framework/src/Illuminate/Foundation/Application.php(237): Illuminate\\Foundation\\Bootstrap\\RegisterFacades->bootstrap()
#6 /var/www/devopsweb.infodevbox.com/public_html/vendor/laravel/framework/src/Illuminate/Foundation/Console/Kernel.php(310): Illuminate\\Foundation\\Application->bootstrapWith()
#7 /var/www/devopsweb.infodevbox.com/public_html/vendor/laravel/framework/src/Illuminate/Foundation/Console/Kernel.php(127): Illuminate\\Foundation\\Console\\Kernel->bootstrap()
#8 /var/www/devopsweb.infodevbox.com/public_html/artisan(37): Illuminate\\Foundation\\Console\\Kernel->handle()
#9 {main}
"} 
[2022-09-14 14:15:35] local.ERROR: The /var/www/devopsweb.infodevbox.com/public_html/bootstrap/cache directory must be present and writable. {"exception":"[object] (Exception(code: 0): The /var/www/devopsweb.infodevbox.com/public_html/bootstrap/cache directory must be present and writable. at /var/www/devopsweb.infodevbox.com/public_html/vendor/laravel/framework/src/Illuminate/Foundation/PackageManifest.php:177)
[stacktrace]
#0 /var/www/devopsweb.infodevbox.com/public_html/vendor/laravel/framework/src/Illuminate/Foundation/PackageManifest.php(136): Illuminate\\Foundation\\PackageManifest->write()
#1 /var/www/devopsweb.infodevbox.com/public_html/vendor/laravel/framework/src/Illuminate/Foundation/PackageManifest.php(106): Illuminate\\Foundation\\PackageManifest->build()
#2 /var/www/devopsweb.infodevbox.com/public_html/vendor/laravel/framework/src/Illuminate/Foundation/PackageManifest.php(89): Illuminate\\Foundation\\PackageManifest->getManifest()
#3 /var/www/devopsweb.infodevbox.com/public_html/vendor/laravel/framework/src/Illuminate/Foundation/PackageManifest.php(78): Illuminate\\Foundation\\PackageManifest->config()
#4 /var/www/devopsweb.infodevbox.com/public_html/vendor/laravel/framework/src/Illuminate/Foundation/Bootstrap/RegisterFacades.php(26): Illuminate\\Foundation\\PackageManifest->aliases()
#5 /var/www/devopsweb.infodevbox.com/public_html/vendor/laravel/framework/src/Illuminate/Foundation/Application.php(237): Illuminate\\Foundation\\Bootstrap\\RegisterFacades->bootstrap()
#6 /var/www/devopsweb.infodevbox.com/public_html/vendor/laravel/framework/src/Illuminate/Foundation/Console/Kernel.php(310): Illuminate\\Foundation\\Application->bootstrapWith()
#7 /var/www/devopsweb.infodevbox.com/public_html/vendor/laravel/framework/src/Illuminate/Foundation/Console/Kernel.php(127): Illuminate\\Foundation\\Console\\Kernel->bootstrap()
#8 /var/www/devopsweb.infodevbox.com/public_html/artisan(37): Illuminate\\Foundation\\Console\\Kernel->handle()
#9 {main}
"} 
[2022-09-14 14:16:19] local.ERROR: The /var/www/devopsweb.infodevbox.com/public_html/bootstrap/cache directory must be present and writable. {"exception":"[object] (Exception(code: 0): The /var/www/devopsweb.infodevbox.com/public_html/bootstrap/cache directory must be present and writable. at /var/www/devopsweb.infodevbox.com/public_html/vendor/laravel/framework/src/Illuminate/Foundation/PackageManifest.php:177)
[stacktrace]
#0 /var/www/devopsweb.infodevbox.com/public_html/vendor/laravel/framework/src/Illuminate/Foundation/PackageManifest.php(136): Illuminate\\Foundation\\PackageManifest->write()
#1 /var/www/devopsweb.infodevbox.com/public_html/vendor/laravel/framework/src/Illuminate/Foundation/PackageManifest.php(106): Illuminate\\Foundation\\PackageManifest->build()
#2 /var/www/devopsweb.infodevbox.com/public_html/vendor/laravel/framework/src/Illuminate/Foundation/PackageManifest.php(89): Illuminate\\Foundation\\PackageManifest->getManifest()
#3 /var/www/devopsweb.infodevbox.com/public_html/vendor/laravel/framework/src/Illuminate/Foundation/PackageManifest.php(78): Illuminate\\Foundation\\PackageManifest->config()
#4 /var/www/devopsweb.infodevbox.com/public_html/vendor/laravel/framework/src/Illuminate/Foundation/Bootstrap/RegisterFacades.php(26): Illuminate\\Foundation\\PackageManifest->aliases()
#5 /var/www/devopsweb.infodevbox.com/public_html/vendor/laravel/framework/src/Illuminate/Foundation/Application.php(237): Illuminate\\Foundation\\Bootstrap\\RegisterFacades->bootstrap()
#6 /var/www/devopsweb.infodevbox.com/public_html/vendor/laravel/framework/src/Illuminate/Foundation/Console/Kernel.php(310): Illuminate\\Foundation\\Application->bootstrapWith()
#7 /var/www/devopsweb.infodevbox.com/public_html/vendor/laravel/framework/src/Illuminate/Foundation/Console/Kernel.php(127): Illuminate\\Foundation\\Console\\Kernel->bootstrap()
#8 /var/www/devopsweb.infodevbox.com/public_html/artisan(37): Illuminate\\Foundation\\Console\\Kernel->handle()
#9 {main}
"} 
[2022-09-14 14:17:24] local.ERROR: The /var/www/devopsweb.infodevbox.com/public_html/bootstrap/cache directory must be present and writable. {"exception":"[object] (Exception(code: 0): The /var/www/devopsweb.infodevbox.com/public_html/bootstrap/cache directory must be present and writable. at /var/www/devopsweb.infodevbox.com/public_html/vendor/laravel/framework/src/Illuminate/Foundation/PackageManifest.php:177)
[stacktrace]
#0 /var/www/devopsweb.infodevbox.com/public_html/vendor/laravel/framework/src/Illuminate/Foundation/PackageManifest.php(136): Illuminate\\Foundation\\PackageManifest->write()
#1 /var/www/devopsweb.infodevbox.com/public_html/vendor/laravel/framework/src/Illuminate/Foundation/PackageManifest.php(106): Illuminate\\Foundation\\PackageManifest->build()
#2 /var/www/devopsweb.infodevbox.com/public_html/vendor/laravel/framework/src/Illuminate/Foundation/PackageManifest.php(89): Illuminate\\Foundation\\PackageManifest->getManifest()
#3 /var/www/devopsweb.infodevbox.com/public_html/vendor/laravel/framework/src/Illuminate/Foundation/PackageManifest.php(78): Illuminate\\Foundation\\PackageManifest->config()
#4 /var/www/devopsweb.infodevbox.com/public_html/vendor/laravel/framework/src/Illuminate/Foundation/Bootstrap/RegisterFacades.php(26): Illuminate\\Foundation\\PackageManifest->aliases()
#5 /var/www/devopsweb.infodevbox.com/public_html/vendor/laravel/framework/src/Illuminate/Foundation/Application.php(237): Illuminate\\Foundation\\Bootstrap\\RegisterFacades->bootstrap()
#6 /var/www/devopsweb.infodevbox.com/public_html/vendor/laravel/framework/src/Illuminate/Foundation/Console/Kernel.php(310): Illuminate\\Foundation\\Application->bootstrapWith()
#7 /var/www/devopsweb.infodevbox.com/public_html/vendor/laravel/framework/src/Illuminate/Foundation/Console/Kernel.php(127): Illuminate\\Foundation\\Console\\Kernel->bootstrap()
#8 /var/www/devopsweb.infodevbox.com/public_html/artisan(37): Illuminate\\Foundation\\Console\\Kernel->handle()
#9 {main}
"} 
[2022-09-14 14:17:43] local.ERROR: The /var/www/devopsweb.infodevbox.com/public_html/bootstrap/cache directory must be present and writable. {"exception":"[object] (Exception(code: 0): The /var/www/devopsweb.infodevbox.com/public_html/bootstrap/cache directory must be present and writable. at /var/www/devopsweb.infodevbox.com/public_html/vendor/laravel/framework/src/Illuminate/Foundation/PackageManifest.php:177)
[stacktrace]
#0 /var/www/devopsweb.infodevbox.com/public_html/vendor/laravel/framework/src/Illuminate/Foundation/PackageManifest.php(136): Illuminate\\Foundation\\PackageManifest->write()
#1 /var/www/devopsweb.infodevbox.com/public_html/vendor/laravel/framework/src/Illuminate/Foundation/PackageManifest.php(106): Illuminate\\Foundation\\PackageManifest->build()
#2 /var/www/devopsweb.infodevbox.com/public_html/vendor/laravel/framework/src/Illuminate/Foundation/PackageManifest.php(89): Illuminate\\Foundation\\PackageManifest->getManifest()
#3 /var/www/devopsweb.infodevbox.com/public_html/vendor/laravel/framework/src/Illuminate/Foundation/PackageManifest.php(78): Illuminate\\Foundation\\PackageManifest->config()
#4 /var/www/devopsweb.infodevbox.com/public_html/vendor/laravel/framework/src/Illuminate/Foundation/Bootstrap/RegisterFacades.php(26): Illuminate\\Foundation\\PackageManifest->aliases()
#5 /var/www/devopsweb.infodevbox.com/public_html/vendor/laravel/framework/src/Illuminate/Foundation/Application.php(237): Illuminate\\Foundation\\Bootstrap\\RegisterFacades->bootstrap()
#6 /var/www/devopsweb.infodevbox.com/public_html/vendor/laravel/framework/src/Illuminate/Foundation/Console/Kernel.php(310): Illuminate\\Foundation\\Application->bootstrapWith()
#7 /var/www/devopsweb.infodevbox.com/public_html/vendor/laravel/framework/src/Illuminate/Foundation/Console/Kernel.php(127): Illuminate\\Foundation\\Console\\Kernel->bootstrap()
#8 /var/www/devopsweb.infodevbox.com/public_html/artisan(37): Illuminate\\Foundation\\Console\\Kernel->handle()
#9 {main}
"} 
[2022-09-14 14:19:23] local.ERROR: The /var/www/devopsweb.infodevbox.com/public_html/bootstrap/cache directory must be present and writable. {"exception":"[object] (Exception(code: 0): The /var/www/devopsweb.infodevbox.com/public_html/bootstrap/cache directory must be present and writable. at /var/www/devopsweb.infodevbox.com/public_html/vendor/laravel/framework/src/Illuminate/Foundation/PackageManifest.php:177)
[stacktrace]
#0 /var/www/devopsweb.infodevbox.com/public_html/vendor/laravel/framework/src/Illuminate/Foundation/PackageManifest.php(136): Illuminate\\Foundation\\PackageManifest->write()
#1 /var/www/devopsweb.infodevbox.com/public_html/vendor/laravel/framework/src/Illuminate/Foundation/PackageManifest.php(106): Illuminate\\Foundation\\PackageManifest->build()
#2 /var/www/devopsweb.infodevbox.com/public_html/vendor/laravel/framework/src/Illuminate/Foundation/PackageManifest.php(89): Illuminate\\Foundation\\PackageManifest->getManifest()
#3 /var/www/devopsweb.infodevbox.com/public_html/vendor/laravel/framework/src/Illuminate/Foundation/PackageManifest.php(78): Illuminate\\Foundation\\PackageManifest->config()
#4 /var/www/devopsweb.infodevbox.com/public_html/vendor/laravel/framework/src/Illuminate/Foundation/Bootstrap/RegisterFacades.php(26): Illuminate\\Foundation\\PackageManifest->aliases()
#5 /var/www/devopsweb.infodevbox.com/public_html/vendor/laravel/framework/src/Illuminate/Foundation/Application.php(237): Illuminate\\Foundation\\Bootstrap\\RegisterFacades->bootstrap()
#6 /var/www/devopsweb.infodevbox.com/public_html/vendor/laravel/framework/src/Illuminate/Foundation/Console/Kernel.php(310): Illuminate\\Foundation\\Application->bootstrapWith()
#7 /var/www/devopsweb.infodevbox.com/public_html/vendor/laravel/framework/src/Illuminate/Foundation/Console/Kernel.php(127): Illuminate\\Foundation\\Console\\Kernel->bootstrap()
#8 /var/www/devopsweb.infodevbox.com/public_html/artisan(37): Illuminate\\Foundation\\Console\\Kernel->handle()
#9 {main}
"} 
[2022-09-14 14:20:54] local.ERROR: Please provide a valid cache path. {"exception":"[object] (InvalidArgumentException(code: 0): Please provide a valid cache path. at /var/www/devopsweb.infodevbox.com/public_html/vendor/laravel/framework/src/Illuminate/View/Compilers/Compiler.php:36)
[stacktrace]
#0 /var/www/devopsweb.infodevbox.com/public_html/vendor/laravel/framework/src/Illuminate/View/ViewServiceProvider.php(88): Illuminate\\View\\Compilers\\Compiler->__construct()
#1 /var/www/devopsweb.infodevbox.com/public_html/vendor/laravel/framework/src/Illuminate/Container/Container.php(873): Illuminate\\View\\ViewServiceProvider->Illuminate\\View\\{closure}()
#2 /var/www/devopsweb.infodevbox.com/public_html/vendor/laravel/framework/src/Illuminate/Container/Container.php(758): Illuminate\\Container\\Container->build()
#3 /var/www/devopsweb.infodevbox.com/public_html/vendor/laravel/framework/src/Illuminate/Foundation/Application.php(851): Illuminate\\Container\\Container->resolve()
#4 /var/www/devopsweb.infodevbox.com/public_html/vendor/laravel/framework/src/Illuminate/Container/Container.php(694): Illuminate\\Foundation\\Application->resolve()
#5 /var/www/devopsweb.infodevbox.com/public_html/vendor/laravel/framework/src/Illuminate/Foundation/Application.php(836): Illuminate\\Container\\Container->make()
#6 /var/www/devopsweb.infodevbox.com/public_html/vendor/laravel/framework/src/Illuminate/Container/Container.php(1419): Illuminate\\Foundation\\Application->make()
#7 /var/www/devopsweb.infodevbox.com/public_html/vendor/laravel/framework/src/Illuminate/View/ViewServiceProvider.php(150): Illuminate\\Container\\Container->offsetGet()
#8 [internal function]: Illuminate\\View\\ViewServiceProvider->Illuminate\\View\\{closure}()
#9 /var/www/devopsweb.infodevbox.com/public_html/vendor/laravel/framework/src/Illuminate/View/Engines/EngineResolver.php(55): call_user_func()
#10 /var/www/devopsweb.infodevbox.com/public_html/vendor/facade/ignition/src/IgnitionServiceProvider.php(467): Illuminate\\View\\Engines\\EngineResolver->resolve()
#11 /var/www/devopsweb.infodevbox.com/public_html/vendor/facade/ignition/src/IgnitionServiceProvider.php(158): Facade\\Ignition\\IgnitionServiceProvider->hasCustomViewEnginesRegistered()
#12 /var/www/devopsweb.infodevbox.com/public_html/vendor/facade/ignition/src/IgnitionServiceProvider.php(101): Facade\\Ignition\\IgnitionServiceProvider->registerViewEngines()
#13 /var/www/devopsweb.infodevbox.com/public_html/vendor/laravel/framework/src/Illuminate/Container/BoundMethod.php(36): Facade\\Ignition\\IgnitionServiceProvider->boot()
#14 /var/www/devopsweb.infodevbox.com/public_html/vendor/laravel/framework/src/Illuminate/Container/Util.php(40): Illuminate\\Container\\BoundMethod::Illuminate\\Container\\{closure}()
#15 /var/www/devopsweb.infodevbox.com/public_html/vendor/laravel/framework/src/Illuminate/Container/BoundMethod.php(93): Illuminate\\Container\\Util::unwrapIfClosure()
#16 /var/www/devopsweb.infodevbox.com/public_html/vendor/laravel/framework/src/Illuminate/Container/BoundMethod.php(37): Illuminate\\Container\\BoundMethod::callBoundMethod()
#17 /var/www/devopsweb.infodevbox.com/public_html/vendor/laravel/framework/src/Illuminate/Container/Container.php(653): Illuminate\\Container\\BoundMethod::call()
#18 /var/www/devopsweb.infodevbox.com/public_html/vendor/laravel/framework/src/Illuminate/Foundation/Application.php(924): Illuminate\\Container\\Container->call()
#19 /var/www/devopsweb.infodevbox.com/public_html/vendor/laravel/framework/src/Illuminate/Foundation/Application.php(905): Illuminate\\Foundation\\Application->bootProvider()
#20 [internal function]: Illuminate\\Foundation\\Application->Illuminate\\Foundation\\{closure}()
#21 /var/www/devopsweb.infodevbox.com/public_html/vendor/laravel/framework/src/Illuminate/Foundation/Application.php(906): array_walk()
#22 /var/www/devopsweb.infodevbox.com/public_html/vendor/laravel/framework/src/Illuminate/Foundation/Bootstrap/BootProviders.php(17): Illuminate\\Foundation\\Application->boot()
#23 /var/www/devopsweb.infodevbox.com/public_html/vendor/laravel/framework/src/Illuminate/Foundation/Application.php(237): Illuminate\\Foundation\\Bootstrap\\BootProviders->bootstrap()
#24 /var/www/devopsweb.infodevbox.com/public_html/vendor/laravel/framework/src/Illuminate/Foundation/Console/Kernel.php(310): Illuminate\\Foundation\\Application->bootstrapWith()
#25 /var/www/devopsweb.infodevbox.com/public_html/vendor/laravel/framework/src/Illuminate/Foundation/Console/Kernel.php(127): Illuminate\\Foundation\\Console\\Kernel->bootstrap()
#26 /var/www/devopsweb.infodevbox.com/public_html/artisan(37): Illuminate\\Foundation\\Console\\Kernel->handle()
#27 {main}
"} 
[2022-09-14 14:36:32] local.ERROR: No application encryption key has been specified. {"exception":"[object] (Illuminate\\Encryption\\MissingAppKeyException(code: 0): No application encryption key has been specified. at /var/www/devopsweb.infodevbox.com/public_html/vendor/laravel/framework/src/Illuminate/Encryption/EncryptionServiceProvider.php:101)
[stacktrace]
#0 /var/www/devopsweb.infodevbox.com/public_html/vendor/laravel/framework/src/Illuminate/Support/helpers.php(263): Illuminate\\Encryption\\EncryptionServiceProvider->Illuminate\\Encryption\\{closure}()
#1 /var/www/devopsweb.infodevbox.com/public_html/vendor/laravel/framework/src/Illuminate/Encryption/EncryptionServiceProvider.php(103): tap()
#2 /var/www/devopsweb.infodevbox.com/public_html/vendor/laravel/framework/src/Illuminate/Encryption/EncryptionServiceProvider.php(82): Illuminate\\Encryption\\EncryptionServiceProvider->key()
#3 /var/www/devopsweb.infodevbox.com/public_html/vendor/laravel/framework/src/Illuminate/Encryption/EncryptionServiceProvider.php(34): Illuminate\\Encryption\\EncryptionServiceProvider->parseKey()
#4 /var/www/devopsweb.infodevbox.com/public_html/vendor/laravel/framework/src/Illuminate/Container/Container.php(873): Illuminate\\Encryption\\EncryptionServiceProvider->Illuminate\\Encryption\\{closure}()
#5 /var/www/devopsweb.infodevbox.com/public_html/vendor/laravel/framework/src/Illuminate/Container/Container.php(758): Illuminate\\Container\\Container->build()
#6 /var/www/devopsweb.infodevbox.com/public_html/vendor/laravel/framework/src/Illuminate/Foundation/Application.php(851): Illuminate\\Container\\Container->resolve()
#7 /var/www/devopsweb.infodevbox.com/public_html/vendor/laravel/framework/src/Illuminate/Container/Container.php(694): Illuminate\\Foundation\\Application->resolve()
#8 /var/www/devopsweb.infodevbox.com/public_html/vendor/laravel/framework/src/Illuminate/Foundation/Application.php(836): Illuminate\\Container\\Container->make()
#9 /var/www/devopsweb.infodevbox.com/public_html/vendor/laravel/framework/src/Illuminate/Container/Container.php(1027): Illuminate\\Foundation\\Application->make()
#10 /var/www/devopsweb.infodevbox.com/public_html/vendor/laravel/framework/src/Illuminate/Container/Container.php(947): Illuminate\\Container\\Container->resolveClass()
#11 /var/www/devopsweb.infodevbox.com/public_html/vendor/laravel/framework/src/Illuminate/Container/Container.php(908): Illuminate\\Container\\Container->resolveDependencies()
#12 /var/www/devopsweb.infodevbox.com/public_html/vendor/laravel/framework/src/Illuminate/Container/Container.php(758): Illuminate\\Container\\Container->build()
#13 /var/www/devopsweb.infodevbox.com/public_html/vendor/laravel/framework/src/Illuminate/Foundation/Application.php(851): Illuminate\\Container\\Container->resolve()
#14 /var/www/devopsweb.infodevbox.com/public_html/vendor/laravel/framework/src/Illuminate/Container/Container.php(694): Illuminate\\Foundation\\Application->resolve()
#15 /var/www/devopsweb.infodevbox.com/public_html/vendor/laravel/framework/src/Illuminate/Foundation/Application.php(836): Illuminate\\Container\\Container->make()
#16 /var/www/devopsweb.infodevbox.com/public_html/vendor/laravel/framework/src/Illuminate/Pipeline/Pipeline.php(156): Illuminate\\Foundation\\Application->make()
#17 /var/www/devopsweb.infodevbox.com/public_html/vendor/laravel/framework/src/Illuminate/Pipeline/Pipeline.php(103): Illuminate\\Pipeline\\Pipeline->Illuminate\\Pipeline\\{closure}()
#18 /var/www/devopsweb.infodevbox.com/public_html/vendor/laravel/framework/src/Illuminate/Routing/Router.php(723): Illuminate\\Pipeline\\Pipeline->then()
#19 /var/www/devopsweb.infodevbox.com/public_html/vendor/laravel/framework/src/Illuminate/Routing/Router.php(698): Illuminate\\Routing\\Router->runRouteWithinStack()
#20 /var/www/devopsweb.infodevbox.com/public_html/vendor/laravel/framework/src/Illuminate/Routing/Router.php(662): Illuminate\\Routing\\Router->runRoute()
#21 /var/www/devopsweb.infodevbox.com/public_html/vendor/laravel/framework/src/Illuminate/Routing/Router.php(651): Illuminate\\Routing\\Router->dispatchToRoute()
#22 /var/www/devopsweb.infodevbox.com/public_html/vendor/laravel/framework/src/Illuminate/Foundation/Http/Kernel.php(167): Illuminate\\Routing\\Router->dispatch()
#23 /var/www/devopsweb.infodevbox.com/public_html/vendor/laravel/framework/src/Illuminate/Pipeline/Pipeline.php(128): Illuminate\\Foundation\\Http\\Kernel->Illuminate\\Foundation\\Http\\{closure}()
#24 /var/www/devopsweb.infodevbox.com/public_html/vendor/laravel/framework/src/Illuminate/Foundation/Http/Middleware/TransformsRequest.php(21): Illuminate\\Pipeline\\Pipeline->Illuminate\\Pipeline\\{closure}()
#25 /var/www/devopsweb.infodevbox.com/public_html/vendor/laravel/framework/src/Illuminate/Foundation/Http/Middleware/ConvertEmptyStringsToNull.php(31): Illuminate\\Foundation\\Http\\Middleware\\TransformsRequest->handle()
#26 /var/www/devopsweb.infodevbox.com/public_html/vendor/laravel/framework/src/Illuminate/Pipeline/Pipeline.php(167): Illuminate\\Foundation\\Http\\Middleware\\ConvertEmptyStringsToNull->handle()
#27 /var/www/devopsweb.infodevbox.com/public_html/vendor/laravel/framework/src/Illuminate/Foundation/Http/Middleware/TransformsRequest.php(21): Illuminate\\Pipeline\\Pipeline->Illuminate\\Pipeline\\{closure}()
#28 /var/www/devopsweb.infodevbox.com/public_html/vendor/laravel/framework/src/Illuminate/Foundation/Http/Middleware/TrimStrings.php(40): Illuminate\\Foundation\\Http\\Middleware\\TransformsRequest->handle()
#29 /var/www/devopsweb.infodevbox.com/public_html/vendor/laravel/framework/src/Illuminate/Pipeline/Pipeline.php(167): Illuminate\\Foundation\\Http\\Middleware\\TrimStrings->handle()
#30 /var/www/devopsweb.infodevbox.com/public_html/vendor/laravel/framework/src/Illuminate/Foundation/Http/Middleware/ValidatePostSize.php(27): Illuminate\\Pipeline\\Pipeline->Illuminate\\Pipeline\\{closure}()
#31 /var/www/devopsweb.infodevbox.com/public_html/vendor/laravel/framework/src/Illuminate/Pipeline/Pipeline.php(167): Illuminate\\Foundation\\Http\\Middleware\\ValidatePostSize->handle()
#32 /var/www/devopsweb.infodevbox.com/public_html/vendor/laravel/framework/src/Illuminate/Foundation/Http/Middleware/PreventRequestsDuringMaintenance.php(86): Illuminate\\Pipeline\\Pipeline->Illuminate\\Pipeline\\{closure}()
#33 /var/www/devopsweb.infodevbox.com/public_html/vendor/laravel/framework/src/Illuminate/Pipeline/Pipeline.php(167): Illuminate\\Foundation\\Http\\Middleware\\PreventRequestsDuringMaintenance->handle()
#34 /var/www/devopsweb.infodevbox.com/public_html/vendor/fruitcake/laravel-cors/src/HandleCors.php(38): Illuminate\\Pipeline\\Pipeline->Illuminate\\Pipeline\\{closure}()
#35 /var/www/devopsweb.infodevbox.com/public_html/vendor/laravel/framework/src/Illuminate/Pipeline/Pipeline.php(167): Fruitcake\\Cors\\HandleCors->handle()
#36 /var/www/devopsweb.infodevbox.com/public_html/vendor/laravel/framework/src/Illuminate/Http/Middleware/TrustProxies.php(39): Illuminate\\Pipeline\\Pipeline->Illuminate\\Pipeline\\{closure}()
#37 /var/www/devopsweb.infodevbox.com/public_html/vendor/laravel/framework/src/Illuminate/Pipeline/Pipeline.php(167): Illuminate\\Http\\Middleware\\TrustProxies->handle()
#38 /var/www/devopsweb.infodevbox.com/public_html/vendor/laravel/framework/src/Illuminate/Pipeline/Pipeline.php(103): Illuminate\\Pipeline\\Pipeline->Illuminate\\Pipeline\\{closure}()
#39 /var/www/devopsweb.infodevbox.com/public_html/vendor/laravel/framework/src/Illuminate/Foundation/Http/Kernel.php(142): Illuminate\\Pipeline\\Pipeline->then()
#40 /var/www/devopsweb.infodevbox.com/public_html/vendor/laravel/framework/src/Illuminate/Foundation/Http/Kernel.php(111): Illuminate\\Foundation\\Http\\Kernel->sendRequestThroughRouter()
#41 /var/www/devopsweb.infodevbox.com/public_html/public/index.php(52): Illuminate\\Foundation\\Http\\Kernel->handle()
#42 {main}
"} 
[2022-09-14 14:36:54] local.ERROR: No application encryption key has been specified. {"exception":"[object] (Illuminate\\Encryption\\MissingAppKeyException(code: 0): No application encryption key has been specified. at /var/www/devopsweb.infodevbox.com/public_html/vendor/laravel/framework/src/Illuminate/Encryption/EncryptionServiceProvider.php:101)
[stacktrace]
#0 /var/www/devopsweb.infodevbox.com/public_html/vendor/laravel/framework/src/Illuminate/Support/helpers.php(263): Illuminate\\Encryption\\EncryptionServiceProvider->Illuminate\\Encryption\\{closure}()
#1 /var/www/devopsweb.infodevbox.com/public_html/vendor/laravel/framework/src/Illuminate/Encryption/EncryptionServiceProvider.php(103): tap()
#2 /var/www/devopsweb.infodevbox.com/public_html/vendor/laravel/framework/src/Illuminate/Encryption/EncryptionServiceProvider.php(82): Illuminate\\Encryption\\EncryptionServiceProvider->key()
#3 /var/www/devopsweb.infodevbox.com/public_html/vendor/laravel/framework/src/Illuminate/Encryption/EncryptionServiceProvider.php(34): Illuminate\\Encryption\\EncryptionServiceProvider->parseKey()
#4 /var/www/devopsweb.infodevbox.com/public_html/vendor/laravel/framework/src/Illuminate/Container/Container.php(873): Illuminate\\Encryption\\EncryptionServiceProvider->Illuminate\\Encryption\\{closure}()
#5 /var/www/devopsweb.infodevbox.com/public_html/vendor/laravel/framework/src/Illuminate/Container/Container.php(758): Illuminate\\Container\\Container->build()
#6 /var/www/devopsweb.infodevbox.com/public_html/vendor/laravel/framework/src/Illuminate/Foundation/Application.php(851): Illuminate\\Container\\Container->resolve()
#7 /var/www/devopsweb.infodevbox.com/public_html/vendor/laravel/framework/src/Illuminate/Container/Container.php(694): Illuminate\\Foundation\\Application->resolve()
#8 /var/www/devopsweb.infodevbox.com/public_html/vendor/laravel/framework/src/Illuminate/Foundation/Application.php(836): Illuminate\\Container\\Container->make()
#9 /var/www/devopsweb.infodevbox.com/public_html/vendor/laravel/framework/src/Illuminate/Container/Container.php(1027): Illuminate\\Foundation\\Application->make()
#10 /var/www/devopsweb.infodevbox.com/public_html/vendor/laravel/framework/src/Illuminate/Container/Container.php(947): Illuminate\\Container\\Container->resolveClass()
#11 /var/www/devopsweb.infodevbox.com/public_html/vendor/laravel/framework/src/Illuminate/Container/Container.php(908): Illuminate\\Container\\Container->resolveDependencies()
#12 /var/www/devopsweb.infodevbox.com/public_html/vendor/laravel/framework/src/Illuminate/Container/Container.php(758): Illuminate\\Container\\Container->build()
#13 /var/www/devopsweb.infodevbox.com/public_html/vendor/laravel/framework/src/Illuminate/Foundation/Application.php(851): Illuminate\\Container\\Container->resolve()
#14 /var/www/devopsweb.infodevbox.com/public_html/vendor/laravel/framework/src/Illuminate/Container/Container.php(694): Illuminate\\Foundation\\Application->resolve()
#15 /var/www/devopsweb.infodevbox.com/public_html/vendor/laravel/framework/src/Illuminate/Foundation/Application.php(836): Illuminate\\Container\\Container->make()
#16 /var/www/devopsweb.infodevbox.com/public_html/vendor/laravel/framework/src/Illuminate/Foundation/Http/Kernel.php(206): Illuminate\\Foundation\\Application->make()
#17 /var/www/devopsweb.infodevbox.com/public_html/vendor/laravel/framework/src/Illuminate/Foundation/Http/Kernel.php(180): Illuminate\\Foundation\\Http\\Kernel->terminateMiddleware()
#18 /var/www/devopsweb.infodevbox.com/public_html/public/index.php(55): Illuminate\\Foundation\\Http\\Kernel->terminate()
#19 {main}
"} 
[2022-09-14 14:38:21] local.ERROR: could not find driver (SQL: select * from information_schema.tables where table_schema = laravel and table_name = migrations and table_type = 'BASE TABLE') {"exception":"[object] (Illuminate\\Database\\QueryException(code: 0): could not find driver (SQL: select * from information_schema.tables where table_schema = laravel and table_name = migrations and table_type = 'BASE TABLE') at /var/www/devopsweb.infodevbox.com/public_html/vendor/laravel/framework/src/Illuminate/Database/Connection.php:712)
[stacktrace]
#0 /var/www/devopsweb.infodevbox.com/public_html/vendor/laravel/framework/src/Illuminate/Database/Connection.php(672): Illuminate\\Database\\Connection->runQueryCallback()
#1 /var/www/devopsweb.infodevbox.com/public_html/vendor/laravel/framework/src/Illuminate/Database/Connection.php(376): Illuminate\\Database\\Connection->run()
#2 /var/www/devopsweb.infodevbox.com/public_html/vendor/laravel/framework/src/Illuminate/Database/Schema/MySqlBuilder.php(44): Illuminate\\Database\\Connection->select()
#3 /var/www/devopsweb.infodevbox.com/public_html/vendor/laravel/framework/src/Illuminate/Database/Migrations/DatabaseMigrationRepository.php(169): Illuminate\\Database\\Schema\\MySqlBuilder->hasTable()
#4 /var/www/devopsweb.infodevbox.com/public_html/vendor/laravel/framework/src/Illuminate/Database/Migrations/Migrator.php(673): Illuminate\\Database\\Migrations\\DatabaseMigrationRepository->repositoryExists()
#5 /var/www/devopsweb.infodevbox.com/public_html/vendor/laravel/framework/src/Illuminate/Database/Console/Migrations/MigrateCommand.php(110): Illuminate\\Database\\Migrations\\Migrator->repositoryExists()
#6 /var/www/devopsweb.infodevbox.com/public_html/vendor/laravel/framework/src/Illuminate/Database/Console/Migrations/MigrateCommand.php(78): Illuminate\\Database\\Console\\Migrations\\MigrateCommand->prepareDatabase()
#7 /var/www/devopsweb.infodevbox.com/public_html/vendor/laravel/framework/src/Illuminate/Database/Migrations/Migrator.php(606): Illuminate\\Database\\Console\\Migrations\\MigrateCommand->Illuminate\\Database\\Console\\Migrations\\{closure}()
#8 /var/www/devopsweb.infodevbox.com/public_html/vendor/laravel/framework/src/Illuminate/Database/Console/Migrations/MigrateCommand.php(98): Illuminate\\Database\\Migrations\\Migrator->usingConnection()
#9 /var/www/devopsweb.infodevbox.com/public_html/vendor/laravel/framework/src/Illuminate/Container/BoundMethod.php(36): Illuminate\\Database\\Console\\Migrations\\MigrateCommand->handle()
#10 /var/www/devopsweb.infodevbox.com/public_html/vendor/laravel/framework/src/Illuminate/Container/Util.php(40): Illuminate\\Container\\BoundMethod::Illuminate\\Container\\{closure}()
#11 /var/www/devopsweb.infodevbox.com/public_html/vendor/laravel/framework/src/Illuminate/Container/BoundMethod.php(93): Illuminate\\Container\\Util::unwrapIfClosure()
#12 /var/www/devopsweb.infodevbox.com/public_html/vendor/laravel/framework/src/Illuminate/Container/BoundMethod.php(37): Illuminate\\Container\\BoundMethod::callBoundMethod()
#13 /var/www/devopsweb.infodevbox.com/public_html/vendor/laravel/framework/src/Illuminate/Container/Container.php(653): Illuminate\\Container\\BoundMethod::call()
#14 /var/www/devopsweb.infodevbox.com/public_html/vendor/laravel/framework/src/Illuminate/Console/Command.php(136): Illuminate\\Container\\Container->call()
#15 /var/www/devopsweb.infodevbox.com/public_html/vendor/symfony/console/Command/Command.php(298): Illuminate\\Console\\Command->execute()
#16 /var/www/devopsweb.infodevbox.com/public_html/vendor/laravel/framework/src/Illuminate/Console/Command.php(121): Symfony\\Component\\Console\\Command\\Command->run()
#17 /var/www/devopsweb.infodevbox.com/public_html/vendor/symfony/console/Application.php(1028): Illuminate\\Console\\Command->run()
#18 /var/www/devopsweb.infodevbox.com/public_html/vendor/symfony/console/Application.php(299): Symfony\\Component\\Console\\Application->doRunCommand()
#19 /var/www/devopsweb.infodevbox.com/public_html/vendor/symfony/console/Application.php(171): Symfony\\Component\\Console\\Application->doRun()
#20 /var/www/devopsweb.infodevbox.com/public_html/vendor/laravel/framework/src/Illuminate/Console/Application.php(94): Symfony\\Component\\Console\\Application->run()
#21 /var/www/devopsweb.infodevbox.com/public_html/vendor/laravel/framework/src/Illuminate/Foundation/Console/Kernel.php(129): Illuminate\\Console\\Application->run()
#22 /var/www/devopsweb.infodevbox.com/public_html/artisan(37): Illuminate\\Foundation\\Console\\Kernel->handle()
#23 {main}

[previous exception] [object] (PDOException(code: 0): could not find driver at /var/www/devopsweb.infodevbox.com/public_html/vendor/laravel/framework/src/Illuminate/Database/Connectors/Connector.php:70)
[stacktrace]
#0 /var/www/devopsweb.infodevbox.com/public_html/vendor/laravel/framework/src/Illuminate/Database/Connectors/Connector.php(70): PDO->__construct()
#1 /var/www/devopsweb.infodevbox.com/public_html/vendor/laravel/framework/src/Illuminate/Database/Connectors/Connector.php(46): Illuminate\\Database\\Connectors\\Connector->createPdoConnection()
#2 /var/www/devopsweb.infodevbox.com/public_html/vendor/laravel/framework/src/Illuminate/Database/Connectors/MySqlConnector.php(24): Illuminate\\Database\\Connectors\\Connector->createConnection()
#3 /var/www/devopsweb.infodevbox.com/public_html/vendor/laravel/framework/src/Illuminate/Database/Connectors/ConnectionFactory.php(184): Illuminate\\Database\\Connectors\\MySqlConnector->connect()
#4 [internal function]: Illuminate\\Database\\Connectors\\ConnectionFactory->Illuminate\\Database\\Connectors\\{closure}()
#5 /var/www/devopsweb.infodevbox.com/public_html/vendor/laravel/framework/src/Illuminate/Database/Connection.php(1064): call_user_func()
#6 /var/www/devopsweb.infodevbox.com/public_html/vendor/laravel/framework/src/Illuminate/Database/Connection.php(1100): Illuminate\\Database\\Connection->getPdo()
#7 /var/www/devopsweb.infodevbox.com/public_html/vendor/laravel/framework/src/Illuminate/Database/Connection.php(442): Illuminate\\Database\\Connection->getReadPdo()
#8 /var/www/devopsweb.infodevbox.com/public_html/vendor/laravel/framework/src/Illuminate/Database/Connection.php(368): Illuminate\\Database\\Connection->getPdoForSelect()
#9 /var/www/devopsweb.infodevbox.com/public_html/vendor/laravel/framework/src/Illuminate/Database/Connection.php(705): Illuminate\\Database\\Connection->Illuminate\\Database\\{closure}()
#10 /var/www/devopsweb.infodevbox.com/public_html/vendor/laravel/framework/src/Illuminate/Database/Connection.php(672): Illuminate\\Database\\Connection->runQueryCallback()
#11 /var/www/devopsweb.infodevbox.com/public_html/vendor/laravel/framework/src/Illuminate/Database/Connection.php(376): Illuminate\\Database\\Connection->run()
#12 /var/www/devopsweb.infodevbox.com/public_html/vendor/laravel/framework/src/Illuminate/Database/Schema/MySqlBuilder.php(44): Illuminate\\Database\\Connection->select()
#13 /var/www/devopsweb.infodevbox.com/public_html/vendor/laravel/framework/src/Illuminate/Database/Migrations/DatabaseMigrationRepository.php(169): Illuminate\\Database\\Schema\\MySqlBuilder->hasTable()
#14 /var/www/devopsweb.infodevbox.com/public_html/vendor/laravel/framework/src/Illuminate/Database/Migrations/Migrator.php(673): Illuminate\\Database\\Migrations\\DatabaseMigrationRepository->repositoryExists()
#15 /var/www/devopsweb.infodevbox.com/public_html/vendor/laravel/framework/src/Illuminate/Database/Console/Migrations/MigrateCommand.php(110): Illuminate\\Database\\Migrations\\Migrator->repositoryExists()
#16 /var/www/devopsweb.infodevbox.com/public_html/vendor/laravel/framework/src/Illuminate/Database/Console/Migrations/MigrateCommand.php(78): Illuminate\\Database\\Console\\Migrations\\MigrateCommand->prepareDatabase()
#17 /var/www/devopsweb.infodevbox.com/public_html/vendor/laravel/framework/src/Illuminate/Database/Migrations/Migrator.php(606): Illuminate\\Database\\Console\\Migrations\\MigrateCommand->Illuminate\\Database\\Console\\Migrations\\{closure}()
#18 /var/www/devopsweb.infodevbox.com/public_html/vendor/laravel/framework/src/Illuminate/Database/Console/Migrations/MigrateCommand.php(98): Illuminate\\Database\\Migrations\\Migrator->usingConnection()
#19 /var/www/devopsweb.infodevbox.com/public_html/vendor/laravel/framework/src/Illuminate/Container/BoundMethod.php(36): Illuminate\\Database\\Console\\Migrations\\MigrateCommand->handle()
#20 /var/www/devopsweb.infodevbox.com/public_html/vendor/laravel/framework/src/Illuminate/Container/Util.php(40): Illuminate\\Container\\BoundMethod::Illuminate\\Container\\{closure}()
#21 /var/www/devopsweb.infodevbox.com/public_html/vendor/laravel/framework/src/Illuminate/Container/BoundMethod.php(93): Illuminate\\Container\\Util::unwrapIfClosure()
#22 /var/www/devopsweb.infodevbox.com/public_html/vendor/laravel/framework/src/Illuminate/Container/BoundMethod.php(37): Illuminate\\Container\\BoundMethod::callBoundMethod()
#23 /var/www/devopsweb.infodevbox.com/public_html/vendor/laravel/framework/src/Illuminate/Container/Container.php(653): Illuminate\\Container\\BoundMethod::call()
#24 /var/www/devopsweb.infodevbox.com/public_html/vendor/laravel/framework/src/Illuminate/Console/Command.php(136): Illuminate\\Container\\Container->call()
#25 /var/www/devopsweb.infodevbox.com/public_html/vendor/symfony/console/Command/Command.php(298): Illuminate\\Console\\Command->execute()
#26 /var/www/devopsweb.infodevbox.com/public_html/vendor/laravel/framework/src/Illuminate/Console/Command.php(121): Symfony\\Component\\Console\\Command\\Command->run()
#27 /var/www/devopsweb.infodevbox.com/public_html/vendor/symfony/console/Application.php(1028): Illuminate\\Console\\Command->run()
#28 /var/www/devopsweb.infodevbox.com/public_html/vendor/symfony/console/Application.php(299): Symfony\\Component\\Console\\Application->doRunCommand()
#29 /var/www/devopsweb.infodevbox.com/public_html/vendor/symfony/console/Application.php(171): Symfony\\Component\\Console\\Application->doRun()
#30 /var/www/devopsweb.infodevbox.com/public_html/vendor/laravel/framework/src/Illuminate/Console/Application.php(94): Symfony\\Component\\Console\\Application->run()
#31 /var/www/devopsweb.infodevbox.com/public_html/vendor/laravel/framework/src/Illuminate/Foundation/Console/Kernel.php(129): Illuminate\\Console\\Application->run()
#32 /var/www/devopsweb.infodevbox.com/public_html/artisan(37): Illuminate\\Foundation\\Console\\Kernel->handle()
#33 {main}
"} 
